<?xml version="1.0" encoding="utf-8"?><testsuites name="pytest tests"><testsuite name="pytest" errors="0" failures="0" skipped="0" tests="11" time="0.091" timestamp="2025-09-21T20:38:37.428399-04:00" hostname="WP-COMPUTER"><testcase classname="test_api_integration.TestAPIIntegration" name="test_health_check_integration" time="0.043" /><testcase classname="test_api_integration.TestAPIIntegration" name="test_api_cors_configuration" time="0.001" /><testcase classname="test_api_integration.TestAPIIntegration" name="test_api_strategy_switching" time="0.002" /><testcase classname="test_api_integration.TestAPIIntegration" name="test_async_api_communication" time="0.002" /><testcase classname="test_api_integration.TestAPIIntegration" name="test_api_error_handling_integration" time="0.001" /><testcase classname="test_api_integration.TestAPIIntegration" name="test_api_response_format_consistency" time="0.001" /><testcase classname="test_api_integration.TestAPIIntegration" name="test_api_authentication_flow" time="0.001" /><testcase classname="test_api_integration.TestAPIIntegration" name="test_api_data_upload_integration" time="0.001" /><testcase classname="test_api_integration.TestAPIIntegration" name="test_api_bilingual_support" time="0.001" /><testcase classname="test_api_integration.TestAPIIntegration" name="test_api_rate_limiting_behavior" time="0.004" /><testcase classname="test_api_integration.TestAPIIntegration" name="test_api_timeout_handling" time="0.002" /></testsuite></testsuites>