<?xml version="1.0" encoding="utf-8"?><testsuites name="pytest tests"><testsuite name="pytest" errors="0" failures="0" skipped="0" tests="14" time="0.045" timestamp="2025-09-21T20:38:37.833173-04:00" hostname="WP-COMPUTER"><testcase classname="test_auth_integration.TestAuthenticationIntegration" name="test_unauthenticated_access" time="0.005" /><testcase classname="test_auth_integration.TestAuthenticationIntegration" name="test_oauth_flow_initiation" time="0.001" /><testcase classname="test_auth_integration.TestAuthenticationIntegration" name="test_oauth_callback_flow" time="0.001" /><testcase classname="test_auth_integration.TestAuthenticationIntegration" name="test_jwt_token_validation" time="0.001" /><testcase classname="test_auth_integration.TestAuthenticationIntegration" name="test_token_refresh_flow" time="0.001" /><testcase classname="test_auth_integration.TestAuthenticationIntegration" name="test_logout_flow" time="0.001" /><testcase classname="test_auth_integration.TestAuthenticationIntegration" name="test_user_profile_integration" time="0.001" /><testcase classname="test_auth_integration.TestAuthenticationIntegration" name="test_session_persistence" time="0.001" /><testcase classname="test_auth_integration.TestAuthenticationIntegration" name="test_role_based_access" time="0.002" /><testcase classname="test_auth_integration.TestAuthenticationIntegration" name="test_cross_origin_auth" time="0.001" /><testcase classname="test_auth_integration.TestAuthenticationIntegration" name="test_auth_error_handling" time="0.001" /><testcase classname="test_auth_integration.TestAuthenticationIntegration" name="test_concurrent_auth_requests" time="0.002" /><testcase classname="test_auth_integration.TestAuthenticationIntegration" name="test_auth_integration_with_frontend" time="0.002" /><testcase classname="test_auth_integration.TestAuthenticationIntegration" name="test_auth_token_expiration" time="0.001" /></testsuite></testsuites>