<?xml version="1.0" encoding="utf-8"?><testsuites name="pytest tests"><testsuite name="pytest" errors="0" failures="0" skipped="0" tests="13" time="0.047" timestamp="2025-09-21T20:38:38.203926-04:00" hostname="WP-COMPUTER"><testcase classname="test_service_integration.TestServiceIntegration" name="test_chat_document_integration" time="0.003" /><testcase classname="test_service_integration.TestServiceIntegration" name="test_user_document_permissions" time="0.001" /><testcase classname="test_service_integration.TestServiceIntegration" name="test_chat_history_integration" time="0.001" /><testcase classname="test_service_integration.TestServiceIntegration" name="test_report_generation_integration" time="0.001" /><testcase classname="test_service_integration.TestServiceIntegration" name="test_settings_service_integration" time="0.001" /><testcase classname="test_service_integration.TestServiceIntegration" name="test_multilingual_service_integration" time="0.003" /><testcase classname="test_service_integration.TestServiceIntegration" name="test_file_processing_pipeline" time="0.001" /><testcase classname="test_service_integration.TestServiceIntegration" name="test_error_propagation_across_services" time="0.001" /><testcase classname="test_service_integration.TestServiceIntegration" name="test_concurrent_service_operations" time="0.002" /><testcase classname="test_service_integration.TestServiceIntegration" name="test_data_consistency_across_services" time="0.001" /><testcase classname="test_service_integration.TestServiceIntegration" name="test_service_health_monitoring" time="0.002" /><testcase classname="test_service_integration.TestServiceIntegration" name="test_service_configuration_integration" time="0.001" /><testcase classname="test_service_integration.TestServiceIntegration" name="test_audit_trail_integration" time="0.003" /></testsuite></testsuites>