<?xml version="1.0" encoding="utf-8"?><testsuites name="pytest tests"><testsuite name="pytest" errors="0" failures="0" skipped="0" tests="10" time="0.033" timestamp="2025-09-21T20:38:38.570737-04:00" hostname="WP-COMPUTER"><testcase classname="test_workflow_integration.TestWorkflowIntegration" name="test_new_user_onboarding_workflow" time="0.005" /><testcase classname="test_workflow_integration.TestWorkflowIntegration" name="test_document_analysis_workflow" time="0.001" /><testcase classname="test_workflow_integration.TestWorkflowIntegration" name="test_collaborative_research_workflow" time="0.002" /><testcase classname="test_workflow_integration.TestWorkflowIntegration" name="test_report_generation_workflow" time="0.001" /><testcase classname="test_workflow_integration.TestWorkflowIntegration" name="test_multilingual_workflow" time="0.001" /><testcase classname="test_workflow_integration.TestWorkflowIntegration" name="test_data_export_workflow" time="0.001" /><testcase classname="test_workflow_integration.TestWorkflowIntegration" name="test_error_recovery_workflow" time="0.002" /><testcase classname="test_workflow_integration.TestWorkflowIntegration" name="test_session_continuity_workflow" time="0.002" /><testcase classname="test_workflow_integration.TestWorkflowIntegration" name="test_performance_workflow" time="0.002" /><testcase classname="test_workflow_integration.TestWorkflowIntegration" name="test_accessibility_workflow" time="0.002" /></testsuite></testsuites>